<?xml version="1.0" encoding="UTF-8"?>
<testng-results ignored="0" total="1" passed="1" failed="0" skipped="0">
  <reporter-output>
  </reporter-output>
  <suite started-at="2023-09-15T17:18:20 IST" name="Default suite" finished-at="2023-09-15T17:18:26 IST" duration-ms="6070">
    <groups>
    </groups>
    <test started-at="2023-09-15T17:18:20 IST" name="Default test" finished-at="2023-09-15T17:18:26 IST" duration-ms="6070">
      <class name="admin.login">
        <test-method signature="openAdminportal()[pri:0, instance:admin.login@7bd7d6d6]" started-at="2023-09-15T17:18:20 IST" name="openAdminportal" finished-at="2023-09-15T17:18:25 IST" duration-ms="5325" status="PASS">
          <reporter-output>
          </reporter-output>
        </test-method> <!-- openAdminportal -->
        <test-method is-config="true" signature="loginpage()[pri:0, instance:admin.login@7bd7d6d6]" started-at="2023-09-15T17:18:25 IST" name="loginpage" finished-at="2023-09-15T17:18:26 IST" duration-ms="687" status="PASS">
          <reporter-output>
          </reporter-output>
        </test-method> <!-- loginpage -->
      </class> <!-- admin.login -->
    </test> <!-- Default test -->
  </suite> <!-- Default suite -->
</testng-results>
